0 info it worked if it ends with ok
1 verbose cli [ '/Users/jjt/.nvm/v0.10.26/bin/node',
1 verbose cli   '/Users/jjt/.nvm/v0.10.26/bin/npm',
1 verbose cli   'run-script',
1 verbose cli   '../../../app/scripts/zepto' ]
2 info using npm@1.4.3
3 info using node@v0.10.26
4 error Error: ENOENT, open '/Users/jjt/Sites/twistrug/misc/zepto/dist/package.json'
5 error If you need help, you may report this *entire* log,
5 error including the npm and node versions, at:
5 error     <http://github.com/npm/npm/issues>
6 error System Darwin 13.1.0
7 error command "/Users/jjt/.nvm/v0.10.26/bin/node" "/Users/jjt/.nvm/v0.10.26/bin/npm" "run-script" "../../../app/scripts/zepto"
8 error cwd /Users/jjt/Sites/twistrug/misc/zepto/dist
9 error node -v v0.10.26
10 error npm -v 1.4.3
11 error path /Users/jjt/Sites/twistrug/misc/zepto/dist/package.json
12 error code ENOENT
13 error errno 34
14 verbose exit [ 34, true ]
